<?xml version="1.0" encoding="UTF-8"?>
<!-- Generated by org.testng.reporters.JUnitReportReporter -->
<testsuite hostname="DESKTOP-141UIPT" failures="0" tests="1" name="PracticeMvnParameters.ReadDataFromCmdlineTest" time="0.011" errors="0" timestamp="2022-03-14T22:34:22 IST" skipped="0">
  <testcase classname="PracticeMvnParameters.ReadDataFromCmdlineTest" name="readTheData" time="0.011"/>
  <system-out/>
</testsuite> <!-- PracticeMvnParameters.ReadDataFromCmdlineTest -->
